<?xml version="1.0" encoding="UTF-8"?>
<testsuites name="youtube Test Suite" time="27.941" tests="1" failures="0" errors="0">
   <testsuite name="youtube Test Suite" tests="1" failures="0" errors="0" time="27.941" skipped="0" timestamp="01-04-2024T10:28:49" hostname="1913 - LAPTOP-419KGK7F" id="Test Suites/youtube/youtube Test Suite">
      <properties>
         <property name="deviceName" value=""/>
         <property name="devicePlatform" value=""/>
         <property name="logFolder" value="C:\\Users\\1913\\git\\Katalon-Test-Schedule\\Reports\\20240401_102840\\youtube\\youtube Test Suite\\20240401_102840"/>
         <property name="logFiles" value="C:\\Users\\1913\\git\\Katalon-Test-Schedule\\Reports\\20240401_102840\\youtube\\youtube Test Suite\\20240401_102840\\execution0.log"/>
         <property name="attachments" value="keyes\keyes-Halaman awal.png, keyes\keyes-halaman awal youtube.png, keyes\keyes-hasil pencarian.png"/>
         <property name="hostName" value="1913 - LAPTOP-419KGK7F"/>
         <property name="os" value="Windows 11 64bit"/>
         <property name="katalonVersion" value="9.3.2.212"/>
         <property name="browser" value="Chrome 123.0.0.0"/>
         <property name="hostAddress" value="192.168.55.112"/>
         <property name="sessionId" value="943d8d9d24b6a7182b43eb816ee26510"/>
         <property name="seleniumVersion" value="3.141.59"/>
         <property name="proxyInformation" value="ProxyInformation { proxyOption=NO_PROXY, proxyServerType=HTTP, username=, password=********, proxyServerAddress=, proxyServerPort=0, executionList=&quot;&quot;, isApplyToDesiredCapabilities=true }"/>
         <property name="platform" value="Windows 11"/>
      </properties>
      <testcase name="Test Cases/youtube Test Case" time="27.67" classname="Test Cases/youtube Test Case" status="PASSED">
         <system-out><![CDATA[01-04-2024T10:28:49 - [TEST_CASE][PASSED] - Test Cases/youtube Test Case: Test Cases/youtube Test Case

01-04-2024T10:28:49 - [TEST_STEP][PASSED] - openBrowser(""): Browser is opened with url: ''

01-04-2024T10:28:50 - [MESSAGE][INFO] - Starting 'Chrome' driver

01-04-2024T10:28:50 - [MESSAGE][INFO] - Action delay is set to 0 milliseconds

01-04-2024T10:28:52 - [MESSAGE][PASSED] - Browser is opened with url: ''

01-04-2024T10:28:52 - [TEST_STEP][PASSED] - navigateToUrl("https://www.google.co.id/"): Navigate to 'https://www.google.co.id/' successfully

01-04-2024T10:28:53 - [MESSAGE][PASSED] - Navigate to 'https://www.google.co.id/' successfully

01-04-2024T10:28:53 - [TEST_STEP][PASSED] - takeScreenshotAsCheckpoint("Halaman awal", STOP_ON_FAILURE): Taking screenshot successfully

01-04-2024T10:28:54 - [MESSAGE][INFO] - 0 hidden object(s)

01-04-2024T10:28:54 - [MESSAGE][PASSED] - Taking screenshot successfully
[[ATTACHMENT|keyes\keyes-Halaman awal.png]]

01-04-2024T10:28:54 - [TEST_STEP][PASSED] - setText(findTestObject("Object Repository/youtube/Page_Google/textarea_Login_q"), "youtube"): Text 'youtube' is set on object 'Object Repository/youtube/Page_Google/textarea_Login_q'

01-04-2024T10:28:55 - [MESSAGE][PASSED] - Text 'youtube' is set on object 'Object Repository/youtube/Page_Google/textarea_Login_q'

01-04-2024T10:28:55 - [TEST_STEP][PASSED] - click(findTestObject("Object Repository/youtube/Page_Google/svg")): Object: 'Object Repository/youtube/Page_Google/svg' is clicked on

01-04-2024T10:28:56 - [MESSAGE][PASSED] - Object: 'Object Repository/youtube/Page_Google/svg' is clicked on

01-04-2024T10:28:56 - [TEST_STEP][PASSED] - click(findTestObject("Object Repository/youtube/Page_Google/button_Tetap logout")): Object: 'Object Repository/youtube/Page_Google/button_Tetap logout' is clicked on

01-04-2024T10:28:56 - [MESSAGE][PASSED] - Object: 'Object Repository/youtube/Page_Google/button_Tetap logout' is clicked on

01-04-2024T10:28:56 - [TEST_STEP][PASSED] - click(findTestObject("Object Repository/youtube/Page_Google/div_YouTube.MagqMc .ZFiwCfbackground-colorf_2c36aa")): Object: 'Object Repository/youtube/Page_Google/div_YouTube.MagqMc .ZFiwCfbackground-colorf_2c36aa' is clicked on

01-04-2024T10:28:57 - [MESSAGE][PASSED] - Object: 'Object Repository/youtube/Page_Google/div_YouTube.MagqMc .ZFiwCfbackground-colorf_2c36aa' is clicked on

01-04-2024T10:28:57 - [TEST_STEP][PASSED] - click(findTestObject("Object Repository/youtube/Page_youtube - Penelusuran Google/h3_YouTube Beranda")): Object: 'Object Repository/youtube/Page_youtube - Penelusuran Google/h3_YouTube Beranda' is clicked on

01-04-2024T10:29:02 - [MESSAGE][PASSED] - Object: 'Object Repository/youtube/Page_youtube - Penelusuran Google/h3_YouTube Beranda' is clicked on

01-04-2024T10:29:02 - [TEST_STEP][PASSED] - takeScreenshotAsCheckpoint("halaman awal youtube"): Taking screenshot successfully

01-04-2024T10:29:05 - [MESSAGE][INFO] - 0 hidden object(s)

01-04-2024T10:29:05 - [MESSAGE][PASSED] - Taking screenshot successfully
[[ATTACHMENT|keyes\keyes-halaman awal youtube.png]]

01-04-2024T10:29:05 - [TEST_STEP][PASSED] - setText(findTestObject("Object Repository/youtube/Page_YouTube/input_Skip navigation_search_query"), "windah basudara"): Text 'windah basudara' is set on object 'Object Repository/youtube/Page_YouTube/input_Skip navigation_search_query'

01-04-2024T10:29:06 - [MESSAGE][PASSED] - Text 'windah basudara' is set on object 'Object Repository/youtube/Page_YouTube/input_Skip navigation_search_query'

01-04-2024T10:29:06 - [TEST_STEP][PASSED] - click(findTestObject("Object Repository/youtube/Page_YouTube/div")): Object: 'Object Repository/youtube/Page_YouTube/div' is clicked on

01-04-2024T10:29:07 - [MESSAGE][PASSED] - Object: 'Object Repository/youtube/Page_YouTube/div' is clicked on

01-04-2024T10:29:07 - [TEST_STEP][PASSED] - click(findTestObject("Object Repository/youtube/Page_windah basudara - YouTube/yt-formatted-string_KONFLIK GANGSTER JEPANG_a6bdf3")): Object: 'Object Repository/youtube/Page_windah basudara - YouTube/yt-formatted-string_KONFLIK GANGSTER JEPANG_a6bdf3' is clicked on

01-04-2024T10:29:10 - [MESSAGE][PASSED] - Object: 'Object Repository/youtube/Page_windah basudara - YouTube/yt-formatted-string_KONFLIK GANGSTER JEPANG_a6bdf3' is clicked on

01-04-2024T10:29:10 - [TEST_STEP][PASSED] - takeScreenshotAsCheckpoint("hasil pencarian"): Taking screenshot successfully

01-04-2024T10:29:16 - [MESSAGE][INFO] - 0 hidden object(s)

01-04-2024T10:29:16 - [MESSAGE][PASSED] - Taking screenshot successfully
[[ATTACHMENT|keyes\keyes-hasil pencarian.png]]

01-04-2024T10:29:16 - [TEST_STEP][PASSED] - closeBrowser(): Browser is closed

01-04-2024T10:29:17 - [MESSAGE][PASSED] - Browser is closed]]></system-out>
         <system-err><![CDATA[]]></system-err>
      </testcase>
      <system-out><![CDATA[01-04-2024T10:28:49 - [TEST_SUITE][PASSED] - youtube Test Suite: Test Cases/youtube Test Case]]></system-out>
      <system-err><![CDATA[]]></system-err>
   </testsuite>
</testsuites>
