<?xml version="1.0" encoding="UTF-8"?>
<testsuites name="1" time="7.779" tests="1" failures="0" errors="0">
   <testsuite name="1" tests="1" failures="0" errors="0" time="7.779" skipped="0" timestamp="02-04-2024T13:05:54" hostname="1913 - LAPTOP-419KGK7F.mshome.net" id="Test Suites/New Folder/1">
      <properties>
         <property name="deviceName" value=""/>
         <property name="devicePlatform" value=""/>
         <property name="logFolder" value="C:\\Users\\1913\\git\\Katalon-Test-Schedule\\Reports\\20240402_130545\\New Folder\\1\\20240402_130545"/>
         <property name="logFiles" value="C:\\Users\\1913\\git\\Katalon-Test-Schedule\\Reports\\20240402_130545\\New Folder\\1\\20240402_130545\\execution0.log"/>
         <property name="attachments" value=""/>
         <property name="hostName" value="1913 - LAPTOP-419KGK7F.mshome.net"/>
         <property name="os" value="Windows 11 64bit"/>
         <property name="katalonVersion" value="9.3.2.212"/>
         <property name="browser" value="Chrome 123.0.0.0"/>
         <property name="hostAddress" value="192.168.137.1"/>
         <property name="sessionId" value="541ce177e1f8ccfbc3280f77f38c1274"/>
         <property name="seleniumVersion" value="3.141.59"/>
         <property name="proxyInformation" value="ProxyInformation { proxyOption=NO_PROXY, proxyServerType=HTTP, username=, password=********, proxyServerAddress=, proxyServerPort=0, executionList=&quot;&quot;, isApplyToDesiredCapabilities=true }"/>
         <property name="platform" value="Windows 11"/>
      </properties>
      <testcase name="Test Cases/dummy/1" time="7.438" classname="Test Cases/dummy/1" status="PASSED">
         <system-out><![CDATA[02-04-2024T13:05:55 - [TEST_CASE][PASSED] - Test Cases/dummy/1: Test Cases/dummy/1

02-04-2024T13:05:55 - [TEST_STEP][PASSED] - openBrowser(""): Browser is opened with url: ''

02-04-2024T13:05:56 - [MESSAGE][INFO] - Starting 'Chrome' driver

02-04-2024T13:05:56 - [MESSAGE][INFO] - Action delay is set to 0 milliseconds

02-04-2024T13:05:58 - [MESSAGE][PASSED] - Browser is opened with url: ''

02-04-2024T13:05:58 - [TEST_STEP][PASSED] - navigateToUrl("https://www.google.co.id/"): Navigate to 'https://www.google.co.id/' successfully

02-04-2024T13:06:00 - [MESSAGE][PASSED] - Navigate to 'https://www.google.co.id/' successfully

02-04-2024T13:06:00 - [TEST_STEP][PASSED] - setText(findTestObject("Object Repository/Facebook/Page_Google/textarea_Login_q"), "fb"): Text 'fb' is set on object 'Object Repository/Facebook/Page_Google/textarea_Login_q'

02-04-2024T13:06:01 - [MESSAGE][PASSED] - Text 'fb' is set on object 'Object Repository/Facebook/Page_Google/textarea_Login_q'

02-04-2024T13:06:01 - [TEST_STEP][PASSED] - click(findTestObject("Object Repository/Facebook/Page_Google/span_Facebook")): Object: 'Object Repository/Facebook/Page_Google/span_Facebook' is clicked on

02-04-2024T13:06:02 - [MESSAGE][PASSED] - Object: 'Object Repository/Facebook/Page_Google/span_Facebook' is clicked on]]></system-out>
         <system-err><![CDATA[]]></system-err>
      </testcase>
      <system-out><![CDATA[02-04-2024T13:05:54 - [TEST_SUITE][PASSED] - 1: Test Cases/dummy/1]]></system-out>
      <system-err><![CDATA[]]></system-err>
   </testsuite>
</testsuites>
