<?xml version="1.0" encoding="UTF-8"?>
<testsuites name="Web Test Suite" time="15.634" tests="1" failures="0" errors="0">
   <testsuite name="Web Test Suite" tests="1" failures="0" errors="0" time="15.634" skipped="0" timestamp="01-04-2024T10:13:32" hostname="1913 - LAPTOP-419KGK7F" id="Test Suites/healt/Web Test Suite">
      <properties>
         <property name="deviceName" value=""/>
         <property name="devicePlatform" value=""/>
         <property name="logFolder" value="C:\\Users\\1913\\git\\Katalon-Test-Schedule\\Reports\\20240401_101325\\healt\\Web Test Suite\\20240401_101325"/>
         <property name="logFiles" value="C:\\Users\\1913\\git\\Katalon-Test-Schedule\\Reports\\20240401_101325\\healt\\Web Test Suite\\20240401_101325\\execution0.log"/>
         <property name="attachments" value=""/>
         <property name="hostName" value="1913 - LAPTOP-419KGK7F"/>
         <property name="os" value="Windows 11 64bit"/>
         <property name="katalonVersion" value="9.3.2.212"/>
         <property name="browser" value="Chrome 123.0.0.0"/>
         <property name="hostAddress" value="192.168.55.112"/>
         <property name="sessionId" value="0da763fb345a1bbbbea8e3ff9e12c42c"/>
         <property name="seleniumVersion" value="3.141.59"/>
         <property name="proxyInformation" value="ProxyInformation { proxyOption=NO_PROXY, proxyServerType=HTTP, username=, password=********, proxyServerAddress=, proxyServerPort=0, executionList=&quot;&quot;, isApplyToDesiredCapabilities=true }"/>
         <property name="platform" value="Windows 11"/>
      </properties>
      <testcase name="Test Cases/Web Test Case" time="15.439" classname="Test Cases/Web Test Case" status="PASSED">
         <system-out><![CDATA[01-04-2024T10:13:32 - [TEST_CASE][PASSED] - Test Cases/Web Test Case: Test Cases/Web Test Case

01-04-2024T10:13:33 - [TEST_STEP][PASSED] - openBrowser(""): Browser is opened with url: ''

01-04-2024T10:13:33 - [MESSAGE][INFO] - Starting 'Chrome' driver

01-04-2024T10:13:33 - [MESSAGE][INFO] - Action delay is set to 0 milliseconds

01-04-2024T10:13:35 - [MESSAGE][PASSED] - Browser is opened with url: ''

01-04-2024T10:13:35 - [TEST_STEP][PASSED] - navigateToUrl("https://katalon-demo-cura.herokuapp.com/"): Navigate to 'https://katalon-demo-cura.herokuapp.com/' successfully

01-04-2024T10:13:41 - [MESSAGE][PASSED] - Navigate to 'https://katalon-demo-cura.herokuapp.com/' successfully

01-04-2024T10:13:41 - [TEST_STEP][PASSED] - click(findTestObject("Object Repository/Healt/Page_CURA Healthcare Service/a_CURA Healthcare_menu-toggle")): Object: 'Object Repository/Healt/Page_CURA Healthcare Service/a_CURA Healthcare_menu-toggle' is clicked on

01-04-2024T10:13:42 - [MESSAGE][PASSED] - Object: 'Object Repository/Healt/Page_CURA Healthcare Service/a_CURA Healthcare_menu-toggle' is clicked on

01-04-2024T10:13:42 - [TEST_STEP][PASSED] - click(findTestObject("Object Repository/Healt/Page_CURA Healthcare Service/a_Login")): Object: 'Object Repository/Healt/Page_CURA Healthcare Service/a_Login' is clicked on

01-04-2024T10:13:43 - [MESSAGE][PASSED] - Object: 'Object Repository/Healt/Page_CURA Healthcare Service/a_Login' is clicked on

01-04-2024T10:13:43 - [TEST_STEP][PASSED] - setText(findTestObject("Object Repository/Healt/Page_CURA Healthcare Service/input_Username_username"), "John Doe"): Text 'John Doe' is set on object 'Object Repository/Healt/Page_CURA Healthcare Service/input_Username_username'

01-04-2024T10:13:43 - [MESSAGE][PASSED] - Text 'John Doe' is set on object 'Object Repository/Healt/Page_CURA Healthcare Service/input_Username_username'

01-04-2024T10:13:43 - [TEST_STEP][PASSED] - setEncryptedText(findTestObject("Object Repository/Healt/Page_CURA Healthcare Service/input_Password_password"), "g3/DOGG74jC3Flrr3yH+3D/yKbOqqUNM"): Text ****** has been set on object 'Object Repository/Healt/Page_CURA Healthcare Service/input_Password_password'

01-04-2024T10:13:44 - [MESSAGE][PASSED] - Text ****** has been set on object 'Object Repository/Healt/Page_CURA Healthcare Service/input_Password_password'

01-04-2024T10:13:44 - [TEST_STEP][PASSED] - click(findTestObject("Object Repository/Healt/Page_CURA Healthcare Service/button_Login")): Object: 'Object Repository/Healt/Page_CURA Healthcare Service/button_Login' is clicked on

01-04-2024T10:13:45 - [MESSAGE][PASSED] - Object: 'Object Repository/Healt/Page_CURA Healthcare Service/button_Login' is clicked on

01-04-2024T10:13:45 - [TEST_STEP][PASSED] - click(findTestObject("Object Repository/Healt/Page_CURA Healthcare Service/div_Comment")): Object: 'Object Repository/Healt/Page_CURA Healthcare Service/div_Comment' is clicked on

01-04-2024T10:13:45 - [MESSAGE][PASSED] - Object: 'Object Repository/Healt/Page_CURA Healthcare Service/div_Comment' is clicked on

01-04-2024T10:13:45 - [TEST_STEP][PASSED] - click(findTestObject("Object Repository/Healt/Page_CURA Healthcare Service/div_Make Appointment")): Object: 'Object Repository/Healt/Page_CURA Healthcare Service/div_Make Appointment' is clicked on

01-04-2024T10:13:46 - [MESSAGE][PASSED] - Object: 'Object Repository/Healt/Page_CURA Healthcare Service/div_Make Appointment' is clicked on

01-04-2024T10:13:46 - [TEST_STEP][PASSED] - click(findTestObject("Object Repository/Healt/Page_CURA Healthcare Service/i_CURA Healthcare_fa fa-bars")): Object: 'Object Repository/Healt/Page_CURA Healthcare Service/i_CURA Healthcare_fa fa-bars' is clicked on

01-04-2024T10:13:46 - [MESSAGE][PASSED] - Object: 'Object Repository/Healt/Page_CURA Healthcare Service/i_CURA Healthcare_fa fa-bars' is clicked on

01-04-2024T10:13:46 - [TEST_STEP][PASSED] - click(findTestObject("Object Repository/Healt/Page_CURA Healthcare Service/a_Logout")): Object: 'Object Repository/Healt/Page_CURA Healthcare Service/a_Logout' is clicked on

01-04-2024T10:13:47 - [MESSAGE][PASSED] - Object: 'Object Repository/Healt/Page_CURA Healthcare Service/a_Logout' is clicked on

01-04-2024T10:13:47 - [TEST_STEP][PASSED] - closeBrowser(): Browser is closed

01-04-2024T10:13:48 - [MESSAGE][PASSED] - Browser is closed]]></system-out>
         <system-err><![CDATA[]]></system-err>
      </testcase>
      <system-out><![CDATA[01-04-2024T10:13:32 - [TEST_SUITE][PASSED] - Web Test Suite: Test Cases/Web Test Case]]></system-out>
      <system-err><![CDATA[]]></system-err>
   </testsuite>
</testsuites>
