<?xml version="1.0" encoding="UTF-8"?>
<testsuites name="2" time="20.29" tests="4" failures="0" errors="0">
   <testsuite name="2" tests="4" failures="0" errors="0" time="20.29" skipped="0" timestamp="02-04-2024T13:06:54" hostname="1913 - LAPTOP-419KGK7F.mshome.net" id="Test Suites/New Folder/2">
      <properties>
         <property name="deviceName" value=""/>
         <property name="devicePlatform" value=""/>
         <property name="logFolder" value="C:\\Users\\1913\\git\\Katalon-Test-Schedule\\Reports\\20240402_130646\\New Folder\\2\\20240402_130646"/>
         <property name="logFiles" value="C:\\Users\\1913\\git\\Katalon-Test-Schedule\\Reports\\20240402_130646\\New Folder\\2\\20240402_130646\\execution0.log"/>
         <property name="attachments" value=""/>
         <property name="hostName" value="1913 - LAPTOP-419KGK7F.mshome.net"/>
         <property name="os" value="Windows 11 64bit"/>
         <property name="katalonVersion" value="9.3.2.212"/>
         <property name="browser" value="Chrome 123.0.0.0"/>
         <property name="hostAddress" value="192.168.137.1"/>
         <property name="sessionId" value="75bfd1af0949f71221134fd02ab42c4f"/>
         <property name="seleniumVersion" value="3.141.59"/>
         <property name="proxyInformation" value="ProxyInformation { proxyOption=NO_PROXY, proxyServerType=HTTP, username=, password=********, proxyServerAddress=, proxyServerPort=0, executionList=&quot;&quot;, isApplyToDesiredCapabilities=true }"/>
         <property name="platform" value="Windows 11"/>
      </properties>
      <testcase name="Test Cases/dummy/2" time="6.709" classname="Test Cases/dummy/2" status="PASSED">
         <system-out><![CDATA[02-04-2024T13:06:54 - [TEST_CASE][PASSED] - Test Cases/dummy/2: Test Cases/dummy/2

02-04-2024T13:06:54 - [TEST_STEP][PASSED] - openBrowser(""): Browser is opened with url: ''

02-04-2024T13:06:55 - [MESSAGE][INFO] - Starting 'Chrome' driver

02-04-2024T13:06:55 - [MESSAGE][INFO] - Action delay is set to 0 milliseconds

02-04-2024T13:06:57 - [MESSAGE][PASSED] - Browser is opened with url: ''

02-04-2024T13:06:57 - [TEST_STEP][PASSED] - navigateToUrl("https://www.google.co.id/"): Navigate to 'https://www.google.co.id/' successfully

02-04-2024T13:06:59 - [MESSAGE][PASSED] - Navigate to 'https://www.google.co.id/' successfully

02-04-2024T13:06:59 - [TEST_STEP][PASSED] - setText(findTestObject("Object Repository/Facebook/Page_Google/textarea_Login_q"), "instagram"): Text 'instagram' is set on object 'Object Repository/Facebook/Page_Google/textarea_Login_q'

02-04-2024T13:07:00 - [MESSAGE][PASSED] - Text 'instagram' is set on object 'Object Repository/Facebook/Page_Google/textarea_Login_q'

02-04-2024T13:07:00 - [TEST_STEP][PASSED] - click(findTestObject("Object Repository/Facebook/Page_Google/span_Facebook")): Object: 'Object Repository/Facebook/Page_Google/span_Facebook' is clicked on

02-04-2024T13:07:01 - [MESSAGE][PASSED] - Object: 'Object Repository/Facebook/Page_Google/span_Facebook' is clicked on]]></system-out>
         <system-err><![CDATA[]]></system-err>
      </testcase>
      <testcase name="Test Cases/dummy/3" time="5.054" classname="Test Cases/dummy/3" status="PASSED">
         <system-out><![CDATA[02-04-2024T13:07:01 - [TEST_CASE][PASSED] - Test Cases/dummy/3: Test Cases/dummy/3

02-04-2024T13:07:01 - [TEST_STEP][PASSED] - openBrowser(""): Browser is opened with url: ''

02-04-2024T13:07:01 - [MESSAGE][WARNING] - A browser is already opened. Closing browser and opening a new one

02-04-2024T13:07:01 - [MESSAGE][INFO] - Starting 'Chrome' driver

02-04-2024T13:07:01 - [MESSAGE][INFO] - Action delay is set to 0 milliseconds

02-04-2024T13:07:02 - [MESSAGE][PASSED] - Browser is opened with url: ''

02-04-2024T13:07:02 - [TEST_STEP][PASSED] - navigateToUrl("https://www.google.co.id/"): Navigate to 'https://www.google.co.id/' successfully

02-04-2024T13:07:04 - [MESSAGE][PASSED] - Navigate to 'https://www.google.co.id/' successfully

02-04-2024T13:07:04 - [TEST_STEP][PASSED] - setText(findTestObject("Object Repository/Facebook/Page_Google/textarea_Login_q"), "manga"): Text 'manga' is set on object 'Object Repository/Facebook/Page_Google/textarea_Login_q'

02-04-2024T13:07:05 - [MESSAGE][PASSED] - Text 'manga' is set on object 'Object Repository/Facebook/Page_Google/textarea_Login_q'

02-04-2024T13:07:05 - [TEST_STEP][PASSED] - click(findTestObject("Object Repository/Facebook/Page_Google/span_Facebook")): Object: 'Object Repository/Facebook/Page_Google/span_Facebook' is clicked on

02-04-2024T13:07:06 - [MESSAGE][PASSED] - Object: 'Object Repository/Facebook/Page_Google/span_Facebook' is clicked on]]></system-out>
         <system-err><![CDATA[]]></system-err>
      </testcase>
      <testcase name="Test Cases/dummy/4" time="4.301" classname="Test Cases/dummy/4" status="PASSED">
         <system-out><![CDATA[02-04-2024T13:07:06 - [TEST_CASE][PASSED] - Test Cases/dummy/4: Test Cases/dummy/4

02-04-2024T13:07:06 - [TEST_STEP][PASSED] - openBrowser(""): Browser is opened with url: ''

02-04-2024T13:07:06 - [MESSAGE][WARNING] - A browser is already opened. Closing browser and opening a new one

02-04-2024T13:07:06 - [MESSAGE][INFO] - Starting 'Chrome' driver

02-04-2024T13:07:06 - [MESSAGE][INFO] - Action delay is set to 0 milliseconds

02-04-2024T13:07:07 - [MESSAGE][PASSED] - Browser is opened with url: ''

02-04-2024T13:07:07 - [TEST_STEP][PASSED] - navigateToUrl("https://www.google.co.id/"): Navigate to 'https://www.google.co.id/' successfully

02-04-2024T13:07:08 - [MESSAGE][PASSED] - Navigate to 'https://www.google.co.id/' successfully

02-04-2024T13:07:08 - [TEST_STEP][PASSED] - setText(findTestObject("Object Repository/Facebook/Page_Google/textarea_Login_q"), "igloo"): Text 'igloo' is set on object 'Object Repository/Facebook/Page_Google/textarea_Login_q'

02-04-2024T13:07:09 - [MESSAGE][PASSED] - Text 'igloo' is set on object 'Object Repository/Facebook/Page_Google/textarea_Login_q'

02-04-2024T13:07:09 - [TEST_STEP][PASSED] - click(findTestObject("Object Repository/Facebook/Page_Google/span_Facebook")): Object: 'Object Repository/Facebook/Page_Google/span_Facebook' is clicked on

02-04-2024T13:07:10 - [MESSAGE][PASSED] - Object: 'Object Repository/Facebook/Page_Google/span_Facebook' is clicked on]]></system-out>
         <system-err><![CDATA[]]></system-err>
      </testcase>
      <testcase name="Test Cases/dummy/5" time="3.937" classname="Test Cases/dummy/5" status="PASSED">
         <system-out><![CDATA[02-04-2024T13:07:10 - [TEST_CASE][PASSED] - Test Cases/dummy/5: Test Cases/dummy/5

02-04-2024T13:07:10 - [TEST_STEP][PASSED] - openBrowser(""): Browser is opened with url: ''

02-04-2024T13:07:10 - [MESSAGE][WARNING] - A browser is already opened. Closing browser and opening a new one

02-04-2024T13:07:10 - [MESSAGE][INFO] - Starting 'Chrome' driver

02-04-2024T13:07:10 - [MESSAGE][INFO] - Action delay is set to 0 milliseconds

02-04-2024T13:07:11 - [MESSAGE][PASSED] - Browser is opened with url: ''

02-04-2024T13:07:11 - [TEST_STEP][PASSED] - navigateToUrl("https://www.google.co.id/"): Navigate to 'https://www.google.co.id/' successfully

02-04-2024T13:07:12 - [MESSAGE][PASSED] - Navigate to 'https://www.google.co.id/' successfully

02-04-2024T13:07:12 - [TEST_STEP][PASSED] - setText(findTestObject("Object Repository/Facebook/Page_Google/textarea_Login_q"), "indocyber"): Text 'indocyber' is set on object 'Object Repository/Facebook/Page_Google/textarea_Login_q'

02-04-2024T13:07:13 - [MESSAGE][PASSED] - Text 'indocyber' is set on object 'Object Repository/Facebook/Page_Google/textarea_Login_q'

02-04-2024T13:07:13 - [TEST_STEP][PASSED] - click(findTestObject("Object Repository/Facebook/Page_Google/span_Facebook")): Object: 'Object Repository/Facebook/Page_Google/span_Facebook' is clicked on

02-04-2024T13:07:14 - [MESSAGE][PASSED] - Object: 'Object Repository/Facebook/Page_Google/span_Facebook' is clicked on]]></system-out>
         <system-err><![CDATA[]]></system-err>
      </testcase>
      <system-out><![CDATA[02-04-2024T13:06:54 - [TEST_SUITE][PASSED] - 2: Test Cases/dummy/5]]></system-out>
      <system-err><![CDATA[]]></system-err>
   </testsuite>
</testsuites>
