<?xml version="1.0" encoding="UTF-8"?>
<testsuites name="youtube Test Suite" time="26.135" tests="1" failures="0" errors="0">
   <testsuite name="youtube Test Suite" tests="1" failures="0" errors="0" time="26.135" skipped="0" timestamp="01-04-2024T10:21:42" hostname="1913 - LAPTOP-419KGK7F" id="Test Suites/youtube/youtube Test Suite">
      <properties>
         <property name="deviceName" value=""/>
         <property name="devicePlatform" value=""/>
         <property name="logFolder" value="C:\\Users\\1913\\git\\Katalon-Test-Schedule\\Reports\\20240401_102131\\youtube\\youtube Test Suite\\20240401_102131"/>
         <property name="logFiles" value="C:\\Users\\1913\\git\\Katalon-Test-Schedule\\Reports\\20240401_102131\\youtube\\youtube Test Suite\\20240401_102131\\execution0.log"/>
         <property name="attachments" value="keyes\keyes-0.png, keyes\keyes-0.png, keyes\keyes-0.png"/>
         <property name="hostName" value="1913 - LAPTOP-419KGK7F"/>
         <property name="os" value="Windows 11 64bit"/>
         <property name="katalonVersion" value="9.3.2.212"/>
         <property name="browser" value="Chrome 123.0.0.0"/>
         <property name="hostAddress" value="192.168.55.112"/>
         <property name="sessionId" value="f378856e199909f15bc131d3fe7d9932"/>
         <property name="seleniumVersion" value="3.141.59"/>
         <property name="proxyInformation" value="ProxyInformation { proxyOption=NO_PROXY, proxyServerType=HTTP, username=, password=********, proxyServerAddress=, proxyServerPort=0, executionList=&quot;&quot;, isApplyToDesiredCapabilities=true }"/>
         <property name="platform" value="Windows 11"/>
      </properties>
      <testcase name="Test Cases/youtube Test Case" time="25.883" classname="Test Cases/youtube Test Case" status="PASSED">
         <system-out><![CDATA[01-04-2024T10:21:42 - [TEST_CASE][PASSED] - Test Cases/youtube Test Case: Test Cases/youtube Test Case

01-04-2024T10:21:42 - [TEST_STEP][PASSED] - openBrowser(""): Browser is opened with url: ''

01-04-2024T10:21:43 - [MESSAGE][INFO] - Starting 'Chrome' driver

01-04-2024T10:21:43 - [MESSAGE][INFO] - Action delay is set to 0 milliseconds

01-04-2024T10:21:45 - [MESSAGE][PASSED] - Browser is opened with url: ''

01-04-2024T10:21:45 - [TEST_STEP][PASSED] - navigateToUrl("https://www.google.co.id/"): Navigate to 'https://www.google.co.id/' successfully

01-04-2024T10:21:46 - [MESSAGE][PASSED] - Navigate to 'https://www.google.co.id/' successfully

01-04-2024T10:21:46 - [TEST_STEP][PASSED] - takeScreenshotAsCheckpoint("0", STOP_ON_FAILURE): Taking screenshot successfully

01-04-2024T10:21:47 - [MESSAGE][INFO] - 0 hidden object(s)

01-04-2024T10:21:47 - [MESSAGE][PASSED] - Taking screenshot successfully
[[ATTACHMENT|keyes\keyes-0.png]]

01-04-2024T10:21:47 - [TEST_STEP][PASSED] - setText(findTestObject("Object Repository/youtube/Page_Google/textarea_Login_q"), "youtube"): Text 'youtube' is set on object 'Object Repository/youtube/Page_Google/textarea_Login_q'

01-04-2024T10:21:48 - [MESSAGE][PASSED] - Text 'youtube' is set on object 'Object Repository/youtube/Page_Google/textarea_Login_q'

01-04-2024T10:21:48 - [TEST_STEP][PASSED] - click(findTestObject("Object Repository/youtube/Page_Google/svg")): Object: 'Object Repository/youtube/Page_Google/svg' is clicked on

01-04-2024T10:21:48 - [MESSAGE][PASSED] - Object: 'Object Repository/youtube/Page_Google/svg' is clicked on

01-04-2024T10:21:48 - [TEST_STEP][PASSED] - click(findTestObject("Object Repository/youtube/Page_Google/button_Tetap logout")): Object: 'Object Repository/youtube/Page_Google/button_Tetap logout' is clicked on

01-04-2024T10:21:49 - [MESSAGE][PASSED] - Object: 'Object Repository/youtube/Page_Google/button_Tetap logout' is clicked on

01-04-2024T10:21:49 - [TEST_STEP][PASSED] - click(findTestObject("Object Repository/youtube/Page_Google/div_YouTube.MagqMc .ZFiwCfbackground-colorf_2c36aa")): Object: 'Object Repository/youtube/Page_Google/div_YouTube.MagqMc .ZFiwCfbackground-colorf_2c36aa' is clicked on

01-04-2024T10:21:49 - [MESSAGE][PASSED] - Object: 'Object Repository/youtube/Page_Google/div_YouTube.MagqMc .ZFiwCfbackground-colorf_2c36aa' is clicked on

01-04-2024T10:21:49 - [TEST_STEP][PASSED] - click(findTestObject("Object Repository/youtube/Page_youtube - Penelusuran Google/h3_YouTube Beranda")): Object: 'Object Repository/youtube/Page_youtube - Penelusuran Google/h3_YouTube Beranda' is clicked on

01-04-2024T10:21:56 - [MESSAGE][PASSED] - Object: 'Object Repository/youtube/Page_youtube - Penelusuran Google/h3_YouTube Beranda' is clicked on

01-04-2024T10:21:56 - [TEST_STEP][PASSED] - takeScreenshotAsCheckpoint("0"): Taking screenshot successfully

01-04-2024T10:21:57 - [MESSAGE][INFO] - 0 hidden object(s)

01-04-2024T10:21:57 - [MESSAGE][PASSED] - Taking screenshot successfully
[[ATTACHMENT|keyes\keyes-0.png]]

01-04-2024T10:21:57 - [TEST_STEP][PASSED] - setText(findTestObject("Object Repository/youtube/Page_YouTube/input_Skip navigation_search_query"), "windah basudara"): Text 'windah basudara' is set on object 'Object Repository/youtube/Page_YouTube/input_Skip navigation_search_query'

01-04-2024T10:21:58 - [MESSAGE][PASSED] - Text 'windah basudara' is set on object 'Object Repository/youtube/Page_YouTube/input_Skip navigation_search_query'

01-04-2024T10:21:58 - [TEST_STEP][PASSED] - click(findTestObject("Object Repository/youtube/Page_YouTube/div")): Object: 'Object Repository/youtube/Page_YouTube/div' is clicked on

01-04-2024T10:21:59 - [MESSAGE][PASSED] - Object: 'Object Repository/youtube/Page_YouTube/div' is clicked on

01-04-2024T10:21:59 - [TEST_STEP][PASSED] - click(findTestObject("Object Repository/youtube/Page_windah basudara - YouTube/yt-formatted-string_KONFLIK GANGSTER JEPANG_a6bdf3")): Object: 'Object Repository/youtube/Page_windah basudara - YouTube/yt-formatted-string_KONFLIK GANGSTER JEPANG_a6bdf3' is clicked on

01-04-2024T10:22:02 - [MESSAGE][PASSED] - Object: 'Object Repository/youtube/Page_windah basudara - YouTube/yt-formatted-string_KONFLIK GANGSTER JEPANG_a6bdf3' is clicked on

01-04-2024T10:22:02 - [TEST_STEP][PASSED] - takeScreenshotAsCheckpoint("0"): Taking screenshot successfully

01-04-2024T10:22:07 - [MESSAGE][INFO] - 0 hidden object(s)

01-04-2024T10:22:07 - [MESSAGE][PASSED] - Taking screenshot successfully
[[ATTACHMENT|keyes\keyes-0.png]]

01-04-2024T10:22:07 - [TEST_STEP][PASSED] - closeBrowser(): Browser is closed

01-04-2024T10:22:08 - [MESSAGE][PASSED] - Browser is closed]]></system-out>
         <system-err><![CDATA[]]></system-err>
      </testcase>
      <system-out><![CDATA[01-04-2024T10:21:42 - [TEST_SUITE][PASSED] - youtube Test Suite: Test Cases/youtube Test Case]]></system-out>
      <system-err><![CDATA[]]></system-err>
   </testsuite>
</testsuites>
