<?xml version="1.0" encoding="UTF-8"?>
<testsuites name="Web Test Suite" time="14.959" tests="1" failures="0" errors="0">
   <testsuite name="Web Test Suite" tests="1" failures="0" errors="0" time="14.959" skipped="0" timestamp="01-04-2024T11:10:49" hostname="1913 - LAPTOP-419KGK7F" id="Test Suites/healt/Web Test Suite">
      <properties>
         <property name="deviceName" value=""/>
         <property name="devicePlatform" value=""/>
         <property name="logFolder" value="C:\\Users\\1913\\git\\Katalon-Test-Schedule\\Reports\\20240401_111039\\healt\\Web Test Suite\\20240401_111040"/>
         <property name="logFiles" value="C:\\Users\\1913\\git\\Katalon-Test-Schedule\\Reports\\20240401_111039\\healt\\Web Test Suite\\20240401_111040\\execution0.log"/>
         <property name="attachments" value=""/>
         <property name="hostName" value="1913 - LAPTOP-419KGK7F"/>
         <property name="os" value="Windows 11 64bit"/>
         <property name="katalonVersion" value="9.3.2.212"/>
         <property name="browser" value="Chrome 123.0.0.0"/>
         <property name="hostAddress" value="192.168.55.112"/>
         <property name="sessionId" value="3403e70626cb369cda1336f4f8ebe99a"/>
         <property name="seleniumVersion" value="3.141.59"/>
         <property name="proxyInformation" value="ProxyInformation { proxyOption=NO_PROXY, proxyServerType=HTTP, username=, password=********, proxyServerAddress=, proxyServerPort=0, executionList=&quot;&quot;, isApplyToDesiredCapabilities=true }"/>
         <property name="platform" value="Windows 11"/>
      </properties>
      <testcase name="Test Cases/Web Test Case" time="14.716" classname="Test Cases/Web Test Case" status="PASSED">
         <system-out><![CDATA[01-04-2024T11:10:49 - [TEST_CASE][PASSED] - Test Cases/Web Test Case: Test Cases/Web Test Case

01-04-2024T11:10:50 - [TEST_STEP][PASSED] - openBrowser(""): Browser is opened with url: ''

01-04-2024T11:10:50 - [MESSAGE][INFO] - Starting 'Chrome' driver

01-04-2024T11:10:50 - [MESSAGE][INFO] - Action delay is set to 0 milliseconds

01-04-2024T11:10:53 - [MESSAGE][PASSED] - Browser is opened with url: ''

01-04-2024T11:10:53 - [TEST_STEP][PASSED] - navigateToUrl("https://katalon-demo-cura.herokuapp.com/"): Navigate to 'https://katalon-demo-cura.herokuapp.com/' successfully

01-04-2024T11:10:57 - [MESSAGE][PASSED] - Navigate to 'https://katalon-demo-cura.herokuapp.com/' successfully

01-04-2024T11:10:57 - [TEST_STEP][PASSED] - click(findTestObject("Object Repository/Healt/Page_CURA Healthcare Service/a_CURA Healthcare_menu-toggle")): Object: 'Object Repository/Healt/Page_CURA Healthcare Service/a_CURA Healthcare_menu-toggle' is clicked on

01-04-2024T11:10:58 - [MESSAGE][PASSED] - Object: 'Object Repository/Healt/Page_CURA Healthcare Service/a_CURA Healthcare_menu-toggle' is clicked on

01-04-2024T11:10:58 - [TEST_STEP][PASSED] - click(findTestObject("Object Repository/Healt/Page_CURA Healthcare Service/a_Login")): Object: 'Object Repository/Healt/Page_CURA Healthcare Service/a_Login' is clicked on

01-04-2024T11:10:59 - [MESSAGE][PASSED] - Object: 'Object Repository/Healt/Page_CURA Healthcare Service/a_Login' is clicked on

01-04-2024T11:10:59 - [TEST_STEP][PASSED] - setText(findTestObject("Object Repository/Healt/Page_CURA Healthcare Service/input_Username_username"), "John Doe"): Text 'John Doe' is set on object 'Object Repository/Healt/Page_CURA Healthcare Service/input_Username_username'

01-04-2024T11:11:00 - [MESSAGE][PASSED] - Text 'John Doe' is set on object 'Object Repository/Healt/Page_CURA Healthcare Service/input_Username_username'

01-04-2024T11:11:00 - [TEST_STEP][PASSED] - setEncryptedText(findTestObject("Object Repository/Healt/Page_CURA Healthcare Service/input_Password_password"), "g3/DOGG74jC3Flrr3yH+3D/yKbOqqUNM"): Text ****** has been set on object 'Object Repository/Healt/Page_CURA Healthcare Service/input_Password_password'

01-04-2024T11:11:00 - [MESSAGE][PASSED] - Text ****** has been set on object 'Object Repository/Healt/Page_CURA Healthcare Service/input_Password_password'

01-04-2024T11:11:00 - [TEST_STEP][PASSED] - click(findTestObject("Object Repository/Healt/Page_CURA Healthcare Service/button_Login")): Object: 'Object Repository/Healt/Page_CURA Healthcare Service/button_Login' is clicked on

01-04-2024T11:11:01 - [MESSAGE][PASSED] - Object: 'Object Repository/Healt/Page_CURA Healthcare Service/button_Login' is clicked on

01-04-2024T11:11:01 - [TEST_STEP][PASSED] - click(findTestObject("Object Repository/Healt/Page_CURA Healthcare Service/div_Comment")): Object: 'Object Repository/Healt/Page_CURA Healthcare Service/div_Comment' is clicked on

01-04-2024T11:11:02 - [MESSAGE][PASSED] - Object: 'Object Repository/Healt/Page_CURA Healthcare Service/div_Comment' is clicked on

01-04-2024T11:11:02 - [TEST_STEP][PASSED] - click(findTestObject("Object Repository/Healt/Page_CURA Healthcare Service/div_Make Appointment")): Object: 'Object Repository/Healt/Page_CURA Healthcare Service/div_Make Appointment' is clicked on

01-04-2024T11:11:02 - [MESSAGE][PASSED] - Object: 'Object Repository/Healt/Page_CURA Healthcare Service/div_Make Appointment' is clicked on

01-04-2024T11:11:02 - [TEST_STEP][PASSED] - click(findTestObject("Object Repository/Healt/Page_CURA Healthcare Service/i_CURA Healthcare_fa fa-bars")): Object: 'Object Repository/Healt/Page_CURA Healthcare Service/i_CURA Healthcare_fa fa-bars' is clicked on

01-04-2024T11:11:02 - [MESSAGE][PASSED] - Object: 'Object Repository/Healt/Page_CURA Healthcare Service/i_CURA Healthcare_fa fa-bars' is clicked on

01-04-2024T11:11:02 - [TEST_STEP][PASSED] - click(findTestObject("Object Repository/Healt/Page_CURA Healthcare Service/a_Logout")): Object: 'Object Repository/Healt/Page_CURA Healthcare Service/a_Logout' is clicked on

01-04-2024T11:11:04 - [MESSAGE][PASSED] - Object: 'Object Repository/Healt/Page_CURA Healthcare Service/a_Logout' is clicked on

01-04-2024T11:11:04 - [TEST_STEP][PASSED] - closeBrowser(): Browser is closed

01-04-2024T11:11:04 - [MESSAGE][PASSED] - Browser is closed]]></system-out>
         <system-err><![CDATA[]]></system-err>
      </testcase>
      <system-out><![CDATA[01-04-2024T11:10:49 - [TEST_SUITE][PASSED] - Web Test Suite: Test Cases/Web Test Case]]></system-out>
      <system-err><![CDATA[]]></system-err>
   </testsuite>
</testsuites>
