<?xml version="1.0" encoding="UTF-8"?>
<testsuites name="FB Test Suite" time="42.601" tests="1" failures="0" errors="0">
   <testsuite name="FB Test Suite" tests="1" failures="0" errors="0" time="42.601" skipped="0" timestamp="02-04-2024T11:23:45" hostname="1913 - LAPTOP-419KGK7F.mshome.net" id="Test Suites/fb/FB Test Suite">
      <properties>
         <property name="deviceName" value=""/>
         <property name="devicePlatform" value=""/>
         <property name="logFolder" value="C:\\Users\\1913\\git\\Katalon-Test-Schedule\\Reports\\20240402_112338\\fb\\FB Test Suite\\20240402_112338"/>
         <property name="logFiles" value="C:\\Users\\1913\\git\\Katalon-Test-Schedule\\Reports\\20240402_112338\\fb\\FB Test Suite\\20240402_112338\\execution0.log"/>
         <property name="attachments" value=""/>
         <property name="hostName" value="1913 - LAPTOP-419KGK7F.mshome.net"/>
         <property name="os" value="Windows 11 64bit"/>
         <property name="katalonVersion" value="9.3.2.212"/>
         <property name="browser" value="Chrome 123.0.0.0"/>
         <property name="hostAddress" value="192.168.137.1"/>
         <property name="sessionId" value="0ea1b865a45c550fb2d408dfec1355fa"/>
         <property name="seleniumVersion" value="3.141.59"/>
         <property name="proxyInformation" value="ProxyInformation { proxyOption=NO_PROXY, proxyServerType=HTTP, username=, password=********, proxyServerAddress=, proxyServerPort=0, executionList=&quot;&quot;, isApplyToDesiredCapabilities=true }"/>
         <property name="platform" value="Windows 11"/>
      </properties>
      <testcase name="Test Cases/Facebook Test Case" time="42.332" classname="Test Cases/Facebook Test Case" status="PASSED">
         <system-out><![CDATA[02-04-2024T11:23:46 - [TEST_CASE][PASSED] - Test Cases/Facebook Test Case: Test Cases/Facebook Test Case

02-04-2024T11:23:46 - [TEST_STEP][PASSED] - openBrowser(""): Browser is opened with url: ''

02-04-2024T11:23:46 - [MESSAGE][INFO] - Starting 'Chrome' driver

02-04-2024T11:23:47 - [MESSAGE][INFO] - Action delay is set to 0 milliseconds

02-04-2024T11:23:48 - [MESSAGE][PASSED] - Browser is opened with url: ''

02-04-2024T11:23:48 - [TEST_STEP][PASSED] - navigateToUrl("https://www.google.co.id/"): Navigate to 'https://www.google.co.id/' successfully

02-04-2024T11:23:50 - [MESSAGE][PASSED] - Navigate to 'https://www.google.co.id/' successfully

02-04-2024T11:23:50 - [TEST_STEP][PASSED] - setText(findTestObject("Object Repository/Facebook/Page_Google/textarea_Login_q"), "facebook"): Text 'facebook' is set on object 'Object Repository/Facebook/Page_Google/textarea_Login_q'

02-04-2024T11:23:51 - [MESSAGE][PASSED] - Text 'facebook' is set on object 'Object Repository/Facebook/Page_Google/textarea_Login_q'

02-04-2024T11:23:51 - [TEST_STEP][PASSED] - click(findTestObject("Object Repository/Facebook/Page_Google/span_Facebook")): Object: 'Object Repository/Facebook/Page_Google/span_Facebook' is clicked on

02-04-2024T11:23:51 - [MESSAGE][PASSED] - Object: 'Object Repository/Facebook/Page_Google/span_Facebook' is clicked on

02-04-2024T11:23:51 - [TEST_STEP][PASSED] - click(findTestObject("Object Repository/Facebook/Page_facebook - Penelusuran Google/h3_Facebook - Masuk atau Daftar")): Object: 'Object Repository/Facebook/Page_facebook - Penelusuran Google/h3_Facebook - Masuk atau Daftar' is clicked on

02-04-2024T11:23:55 - [MESSAGE][PASSED] - Object: 'Object Repository/Facebook/Page_facebook - Penelusuran Google/h3_Facebook - Masuk atau Daftar' is clicked on

02-04-2024T11:23:55 - [TEST_STEP][PASSED] - setText(findTestObject("Object Repository/Facebook/Page_Facebook - Masuk atau Daftar/input_Facebook membantu Anda terhubung dan _d8519f"), "aasdwwa"): Text 'aasdwwa' is set on object 'Object Repository/Facebook/Page_Facebook - Masuk atau Daftar/input_Facebook membantu Anda terhubung dan _d8519f'

02-04-2024T11:23:55 - [MESSAGE][PASSED] - Text 'aasdwwa' is set on object 'Object Repository/Facebook/Page_Facebook - Masuk atau Daftar/input_Facebook membantu Anda terhubung dan _d8519f'

02-04-2024T11:23:55 - [TEST_STEP][PASSED] - setEncryptedText(findTestObject("Object Repository/Facebook/Page_Facebook - Masuk atau Daftar/input_Facebook membantu Anda terhubung dan _cfe51c"), "bDSyL2RfH+FAffRcDCCR9Q=="): Text ****** has been set on object 'Object Repository/Facebook/Page_Facebook - Masuk atau Daftar/input_Facebook membantu Anda terhubung dan _cfe51c'

02-04-2024T11:23:56 - [MESSAGE][PASSED] - Text ****** has been set on object 'Object Repository/Facebook/Page_Facebook - Masuk atau Daftar/input_Facebook membantu Anda terhubung dan _cfe51c'

02-04-2024T11:23:56 - [TEST_STEP][PASSED] - click(findTestObject("Object Repository/Facebook/Page_Facebook - Masuk atau Daftar/button_Masuk")): Object: 'Object Repository/Facebook/Page_Facebook - Masuk atau Daftar/button_Masuk' is clicked on

02-04-2024T11:24:27 - [MESSAGE][INFO] - Unable to find the element located by 'By.xpath: //button[@id='u_0_5_gn']'. Please recheck the objects properties to make sure the desired element is located. 

02-04-2024T11:24:27 - [MESSAGE][WARNING] - [SELF-HEALING] Failed to find element with id 'Object Repository/Facebook/Page_Facebook - Masuk atau Daftar/button_Masuk'. Try using Self-healing.

02-04-2024T11:24:28 - [MESSAGE][WARNING] - [SELF-HEALING] The current locator of test object 'Object Repository/Facebook/Page_Facebook - Masuk atau Daftar/button_Masuk' was broken. Propose an alternative one: '//button'.

02-04-2024T11:24:28 - [MESSAGE][PASSED] - Object: 'Object Repository/Facebook/Page_Facebook - Masuk atau Daftar/button_Masuk' is clicked on

02-04-2024T11:24:28 - [TEST_STEP][PASSED] - closeBrowser(): Browser is closed

02-04-2024T11:24:28 - [MESSAGE][PASSED] - Browser is closed]]></system-out>
         <system-err><![CDATA[]]></system-err>
      </testcase>
      <system-out><![CDATA[02-04-2024T11:23:45 - [TEST_SUITE][PASSED] - FB Test Suite: Test Cases/Facebook Test Case]]></system-out>
      <system-err><![CDATA[]]></system-err>
   </testsuite>
</testsuites>
